<?xml version="1.0" encoding="UTF-8"?>
<!-- Generated by org.testng.reporters.JUnitXMLReporter -->
<testsuite ignored="0" hostname="Shiveena" failures="1" tests="3" name="Error Validation Test" time="30.102" errors="0" timestamp="2024-12-02T15:03:37 GMT">
  <testcase classname="rahulshettyacademy2.tests.ErrorValidationTest" name="loginErrorValidation" time="4.169">
    <skipped/>
  </testcase> <!-- loginErrorValidation -->
  <testcase classname="rahulshettyacademy2.tests.ErrorValidationTest" name="loginErrorValidation" time="1.316">
    <failure type="java.lang.AssertionError" message="expected [Login Successfully] but found [Incorrect email  password.]">
      <![CDATA[java.lang.AssertionError: expected [Login Successfully] but found [Incorrect email  password.]
at rahulshettyacademy2.tests.ErrorValidationTest.loginErrorValidation(ErrorValidationTest.java:24)
at java.base/java.util.ArrayList.forEach(ArrayList.java:1511)
at java.base/java.util.concurrent.FutureTask.run(FutureTask.java:264)
at java.base/java.util.concurrent.ThreadPoolExecutor.runWorker(ThreadPoolExecutor.java:1136)
at java.base/java.util.concurrent.ThreadPoolExecutor$Worker.run(ThreadPoolExecutor.java:635)
at java.base/java.lang.Thread.run(Thread.java:840)
... Removed 23 stack frames]]>
    </failure>
  </testcase> <!-- loginErrorValidation -->
  <testcase classname="rahulshettyacademy2.tests.ErrorValidationTest" name="productErrorValidation" time="5.392"/>
</testsuite> <!-- Error Validation Test -->
