<?xml version="1.0" encoding="UTF-8"?>
<!-- Generated by org.testng.reporters.JUnitXMLReporter -->
<testsuite ignored="0" hostname="Shiveena" failures="0" tests="3" name="Submit Order Test" time="35.847" errors="0" timestamp="2024-12-02T15:03:42 GMT">
  <testcase classname="rahulshettyacademy2.tests.SubmitOrderTest" name="submitOrder" time="8.254"/>
  <testcase classname="rahulshettyacademy2.tests.SubmitOrderTest" name="submitOrder" time="5.518"/>
  <testcase classname="rahulshettyacademy2.tests.SubmitOrderTest" name="orderHistoryTest" time="4.312"/>
</testsuite> <!-- Submit Order Test -->
