<?xml version="1.0" encoding="UTF-8"?>
<!-- Generated by org.testng.reporters.JUnitXMLReporter -->
<testsuite ignored="0" hostname="Shiveena" failures="0" tests="3" name="Submit Order Test" time="22.444" errors="0" timestamp="2024-12-05T14:07:17 GMT">
  <testcase classname="rahulshettyacademy2.tests.SubmitOrderTest" name="submitOrder" time="3.845"/>
  <testcase classname="rahulshettyacademy2.tests.SubmitOrderTest" name="submitOrder" time="3.974"/>
  <testcase classname="rahulshettyacademy2.tests.SubmitOrderTest" name="orderHistoryTest" time="1.035"/>
</testsuite> <!-- Submit Order Test -->
