<?xml version="1.0" encoding="UTF-8"?>
<testsuite xmlns:xsi="http://www.w3.org/2001/XMLSchema-instance" xsi:noNamespaceSchemaLocation="https://maven.apache.org/surefire/maven-surefire-plugin/xsd/surefire-test-report-3.0.xsd" version="3.0" name="TestSuite" time="23.129" tests="6" errors="0" skipped="1" failures="1">
  <properties>
[...]
</properties>
  <testcase name="loginErrorValidation" classname="rahulshettyacademy2.tests.ErrorValidationTest" time="0">
    <skipped message="expected [Login Successfully] but found [Incorrect email  password.]"/>
    <system-err><![CDATA[SLF4J(W): No SLF4J providers were found.
SLF4J(W): Defaulting to no-operation (NOP) logger implementation
SLF4J(W): See https://www.slf4j.org/codes.html#noProviders for further details.
Dec 05, 2024 2:06:56 PM org.openqa.selenium.devtools.CdpVersionFinder findNearestMatch
WARNING: Unable to find an exact match for CDP version 131, returning the closest version; found: 130; Please update to a Selenium version that supports CDP version 131
Dec 05, 2024 2:06:56 PM org.openqa.selenium.devtools.CdpVersionFinder findNearestMatch
WARNING: Unable to find an exact match for CDP version 131, returning the closest version; found: 130; Please update to a Selenium version that supports CDP version 131
]]></system-err>
  </testcase>
  <testcase name="loginErrorValidation" classname="rahulshettyacademy2.tests.ErrorValidationTest" time="0.862">
    <failure message="expected [Login Successfully] but found [Incorrect email  password.]" type="java.lang.AssertionError"><![CDATA[java.lang.AssertionError: expected [Login Successfully] but found [Incorrect email  password.]
	at rahulshettyacademy2.tests.ErrorValidationTest.loginErrorValidation(ErrorValidationTest.java:24)
]]></failure>
    <system-err><![CDATA[Dec 05, 2024 2:07:04 PM org.openqa.selenium.devtools.CdpVersionFinder findNearestMatch
WARNING: Unable to find an exact match for CDP version 131, returning the closest version; found: 130; Please update to a Selenium version that supports CDP version 131
]]></system-err>
  </testcase>
  <testcase name="productErrorValidation" classname="rahulshettyacademy2.tests.ErrorValidationTest" time="2.945"/>
  <testcase name="submitOrder" classname="rahulshettyacademy2.tests.SubmitOrderTest" time="3.853"/>
  <testcase name="submitOrder" classname="rahulshettyacademy2.tests.SubmitOrderTest" time="1.832"/>
  <testcase name="orderHistoryTest" classname="rahulshettyacademy2.tests.SubmitOrderTest" time="1.035"/>
</testsuite>