-------------------------------------------------------------------------------
Test set: TestSuite
-------------------------------------------------------------------------------
Tests run: 6, Failures: 1, Errors: 0, Skipped: 1, Time elapsed: 23.129 s <<< FAILURE! - in TestSuite
rahulshettyacademy2.tests.ErrorValidationTest.loginErrorValidation  Time elapsed: 0.862 s  <<< FAILURE!
java.lang.AssertionError: expected [Login Successfully] but found [Incorrect email  password.]
	at rahulshettyacademy2.tests.ErrorValidationTest.loginErrorValidation(ErrorValidationTest.java:24)

